<?xml version="1.0" encoding="UTF-8"?>
<!-- Generated by org.testng.reporters.JUnitReportReporter -->
<testsuite hostname="user-PC" failures="0" tests="2" name="myPracticeDemo.TestCase" time="35.888" errors="0" timestamp="6 Feb 2018 17:34:37 GMT">
  <testcase classname="myPracticeDemo.TestCase" name="takeAlotApp" time="34.506"/>
  <testcase classname="myPracticeDemo.TestCase" name="tearDown" time="1.382"/>
</testsuite> <!-- myPracticeDemo.TestCase -->
