<?xml version="1.0" encoding="UTF-8"?>
<!-- Generated by org.testng.reporters.JUnitReportReporter -->
<testsuite hostname="user-PC" failures="0" tests="1" name="ConfigurationPackage.TestConfiguration" time="0.013" errors="0" timestamp="6 Feb 2018 08:54:00 GMT">
  <testcase classname="ConfigurationPackage.TestConfiguration" name="testCongfig" time="0.013"/>
</testsuite> <!-- ConfigurationPackage.TestConfiguration -->
