<?xml version="1.0" encoding="UTF-8"?>
<!-- Generated by org.testng.reporters.JUnitReportReporter -->
<testsuite hostname="user-PC" failures="0" tests="1" name="TestCases.DragAndDrop" time="26.868" errors="0" timestamp="26 Jan 2018 07:15:52 GMT">
  <testcase classname="TestCases.DragAndDrop" name="startBrowser" time="26.868"/>
</testsuite> <!-- TestCases.DragAndDrop -->
