<?xml version="1.0" encoding="UTF-8"?>
<!-- Generated by org.testng.reporters.JUnitReportReporter -->
<testsuite hostname="user-PC" failures="0" tests="2" name="automationFrameworks.Assert" time="6.699" errors="0" timestamp="9 Feb 2018 12:59:39 GMT">
  <testcase classname="automationFrameworks.Assert" name="VerifyUrl" time="5.673"/>
  <testcase classname="automationFrameworks.Assert" name="testEquals" time="1.026"/>
</testsuite> <!-- automationFrameworks.Assert -->
