<?xml version="1.0" encoding="UTF-8"?>
<!-- Generated by org.testng.reporters.JUnitReportReporter -->
<testsuite hostname="user-PC" failures="0" tests="3" name="automationFrameworks.Dependent" time="0.006" errors="0" timestamp="26 Jan 2018 09:13:14 GMT">
  <testcase classname="automationFrameworks.Dependent" name="SignIn" time="0.002"/>
  <testcase classname="automationFrameworks.Dependent" name="OpenBrowser" time="0.002"/>
  <testcase classname="automationFrameworks.Dependent" name="LogOut" time="0.002"/>
</testsuite> <!-- automationFrameworks.Dependent -->
