<?xml version="1.0" encoding="UTF-8"?>
<!-- Generated by org.testng.reporters.JUnitReportReporter -->
<testsuite hostname="user-PC" failures="0" tests="3" name="TestCases.MultipleTest" time="0.015" errors="0" timestamp="26 Jan 2018 06:29:53 GMT">
  <testcase classname="TestCases.MultipleTest" name="two" time="0.000"/>
  <testcase classname="TestCases.MultipleTest" name="one" time="0.010"/>
  <testcase classname="TestCases.MultipleTest" name="four" time="0.005"/>
</testsuite> <!-- TestCases.MultipleTest -->
