<?xml version="1.0" encoding="UTF-8"?>
<!-- Generated by org.testng.reporters.JUnitReportReporter -->
<testsuite hostname="user-PC" failures="0" tests="1" name="ListenersDemo.TestCase" time="46.251" errors="0" timestamp="5 Feb 2018 15:53:09 GMT">
  <testcase classname="ListenersDemo.TestCase" name="SeleniumTitle" time="46.251"/>
</testsuite> <!-- ListenersDemo.TestCase -->
