<?xml version="1.0" encoding="UTF-8"?>
<!-- Generated by org.testng.reporters.JUnitReportReporter -->
<testsuite hostname="user-PC" failures="0" tests="5" name="automationFrameworks.GroupingAnnotation" time="0.009" errors="0" timestamp="26 Jan 2018 09:13:13 GMT">
  <testcase classname="automationFrameworks.GroupingAnnotation" name="Scooter2" time="0.002"/>
  <testcase classname="automationFrameworks.GroupingAnnotation" name="Scooter1" time="0.001"/>
  <testcase classname="automationFrameworks.GroupingAnnotation" name="Car2" time="0.002"/>
  <testcase classname="automationFrameworks.GroupingAnnotation" name="Sedan1" time="0.002"/>
  <testcase classname="automationFrameworks.GroupingAnnotation" name="Car1" time="0.002"/>
</testsuite> <!-- automationFrameworks.GroupingAnnotation -->
