<?xml version="1.0" encoding="UTF-8"?>
<!-- Generated by org.testng.reporters.JUnitReportReporter -->
<testsuite hostname="user-PC" failures="0" tests="2" name="automationFrameworks.SequencingAnnotations" time="0.006" errors="0" timestamp="26 Jan 2018 09:13:13 GMT">
  <testcase classname="automationFrameworks.SequencingAnnotations" name="testCase2" time="0.002"/>
  <testcase classname="automationFrameworks.SequencingAnnotations" name="testCase1" time="0.004"/>
</testsuite> <!-- automationFrameworks.SequencingAnnotations -->
