<?xml version="1.0" encoding="UTF-8"?>
<!-- Generated by org.testng.reporters.JUnitReportReporter -->
<testsuite hostname="user-PC" failures="0" tests="1" name="ListenersDemo.TestCaseListener" time="26.201" errors="0" timestamp="5 Feb 2018 14:54:17 GMT">
  <testcase classname="ListenersDemo.TestCaseListener" name="SeleniumTitle" time="26.201"/>
</testsuite> <!-- ListenersDemo.TestCaseListener -->
