<?xml version="1.0" encoding="UTF-8"?>
<!-- Generated by org.testng.reporters.JUnitReportReporter -->
<testsuite hostname="user-PC" failures="0" tests="2" name="automationFrameworks.AssertDemo" time="2.430" errors="0" timestamp="9 Feb 2018 12:38:11 GMT">
  <testcase classname="automationFrameworks.AssertDemo" name="tearDown" time="2.414"/>
  <testcase classname="automationFrameworks.AssertDemo" name="testOne" time="0.016"/>
</testsuite> <!-- automationFrameworks.AssertDemo -->
