<?xml version="1.0" encoding="UTF-8"?>
<!-- Generated by org.testng.reporters.JUnitReportReporter -->
<testsuite hostname="user-PC" failures="0" tests="1" name="ListenersDemo.ListenerClassTestCase" time="4.616" errors="0" timestamp="5 Feb 2018 13:05:59 GMT">
  <testcase classname="ListenersDemo.ListenerClassTestCase" name="SeleniumTitle" time="4.616"/>
</testsuite> <!-- ListenersDemo.ListenerClassTestCase -->
