<?xml version="1.0" encoding="UTF-8"?>
<!-- Generated by org.testng.reporters.JUnitReportReporter -->
<testsuite hostname="user-PC" failures="0" tests="1" name="ListenersDemo.VerifyTitle" time="0.857" errors="0" timestamp="5 Feb 2018 13:05:59 GMT">
  <testcase classname="ListenersDemo.VerifyTitle" name="checkTitle" time="0.857"/>
</testsuite> <!-- ListenersDemo.VerifyTitle -->
