<?xml version="1.0" encoding="UTF-8"?>
<!-- Generated by org.testng.reporters.JUnitReportReporter -->
<testsuite hostname="user-PC" failures="0" tests="1" name="TestCases.TestCases.TestConfiguration" time="0.015" errors="0" timestamp="6 Feb 2018 08:11:20 GMT">
  <testcase classname="TestCases.TestCases.TestConfiguration" name="testCongfig" time="0.015"/>
</testsuite> <!-- TestCases.TestCases.TestConfiguration -->
