<?xml version="1.0" encoding="UTF-8"?>
<!-- Generated by org.testng.reporters.JUnitReportReporter -->
<testsuite hostname="user-PC" failures="0" tests="1" name="TotalNumbersOfWebElemnts.FindAllCheckBoxes" time="4.215" errors="0" timestamp="25 Jan 2018 14:43:24 GMT">
  <testcase classname="TotalNumbersOfWebElemnts.FindAllCheckBoxes" name="initialise" time="4.215"/>
</testsuite> <!-- TotalNumbersOfWebElemnts.FindAllCheckBoxes -->
