<?xml version="1.0" encoding="UTF-8"?>
<!-- Generated by org.testng.reporters.JUnitReportReporter -->
<testsuite hostname="user-PC" failures="0" tests="2" name="testNg.TestngAnnotation" time="0.010" errors="0" timestamp="3 Jan 2018 13:32:45 GMT">
  <testcase classname="testNg.TestngAnnotation" name="testCase2" time="0.010"/>
  <testcase classname="testNg.TestngAnnotation" name="testCase1" time="0.000"/>
</testsuite> <!-- testNg.TestngAnnotation -->
