<?xml version="1.0" encoding="UTF-8"?>
<!-- Generated by org.testng.reporters.JUnitReportReporter -->
<testsuite hostname="user-PC" failures="0" tests="1" name="testNg.TestEmployeeDetails" time="0.010" errors="0" timestamp="3 Jan 2018 13:32:45 GMT">
  <testcase classname="testNg.TestEmployeeDetails" name="testCalculateAppraisal" time="0.010"/>
</testsuite> <!-- testNg.TestEmployeeDetails -->
