<?xml version="1.0" encoding="UTF-8"?>
<!-- Generated by org.testng.reporters.JUnitReportReporter -->
<testsuite hostname="user-PC" failures="0" tests="2" name="testNg.TesngAnnotation" time="0.000" errors="0" timestamp="3 Jan 2018 13:05:19 GMT">
  <testcase classname="testNg.TesngAnnotation" name="testCase1" time="0.000"/>
  <testcase classname="testNg.TesngAnnotation" name="testCase2" time="0.000"/>
</testsuite> <!-- testNg.TesngAnnotation -->
