<?xml version="1.0" encoding="UTF-8"?>
<!-- Generated by org.testng.reporters.JUnitReportReporter -->
<testsuite hostname="user-PC" failures="0" tests="1" name="testNg.TestNGSimpleTest" time="0.000" errors="0" timestamp="3 Jan 2018 13:32:45 GMT">
  <testcase classname="testNg.TestNGSimpleTest" name="testAdd" time="0.000"/>
</testsuite> <!-- testNg.TestNGSimpleTest -->
